<?xml version="1.0" encoding="UTF-8"?>
<!-- Generated by org.testng.reporters.JUnitXMLReporter -->
<testsuite ignored="9" hostname="Sravalika" failures="0" tests="0" time="0.023" errors="0" timestamp="2024-02-13T22:48:33 IST">
  <testcase classname="com.vedha.webpages.Naukri" name="companies" time="0.0">
    <ignored/>
  </testcase> <!-- companies -->
  <testcase classname="com.vedha.webpages.Naukri" name="startup" time="0.0">
    <ignored/>
  </testcase> <!-- startup -->
  <testcase classname="com.vedha.webpages.Naukri" name="Engineering" time="0.0">
    <ignored/>
  </testcase> <!-- Engineering -->
  <testcase classname="com.vedha.webpages.Naukri" name="mnc" time="0.0">
    <ignored/>
  </testcase> <!-- mnc -->
  <testcase classname="com.vedha.webpages.Naukri" name="search" time="0.0">
    <ignored/>
  </testcase> <!-- search -->
  <testcase classname="com.vedha.webpages.Naukri" name="login" time="0.0">
    <ignored/>
  </testcase> <!-- login -->
  <testcase classname="com.vedha.webpages.Naukri" name="services" time="0.0">
    <ignored/>
  </testcase> <!-- services -->
  <testcase classname="com.vedha.webpages.Naukri" name="remote" time="0.0">
    <ignored/>
  </testcase> <!-- remote -->
  <testcase classname="com.vedha.webpages.Naukri" name="Analytics" time="0.0">
    <ignored/>
  </testcase> <!-- Analytics -->
</testsuite>
