<?xml version="1.0" encoding="UTF-8"?>
<!-- Generated by org.testng.reporters.JUnitXMLReporter -->
<testsuite ignored="3" hostname="Sravalika" failures="2" tests="2" name="Test" time="0.334" errors="0" timestamp="2024-02-11T10:09:50 IST">
  <testcase classname="com.vedha.webpages.BurgerKing" name="nearByStores" time="0.097">
    <failure type="java.lang.NullPointerException" message="Cannot invoke &amp;quot;org.openqa.selenium.WebDriver.findElement(org.openqa.selenium.By)&amp;quot; because &amp;quot;this.driver&amp;quot; is null">
      <![CDATA[java.lang.NullPointerException: Cannot invoke "org.openqa.selenium.WebDriver.findElement(org.openqa.selenium.By)" because "this.driver" is null
at com.vedha.webpages.BurgerKing.nearByStores(BurgerKing.java:96)
at java.base/java.util.ArrayList.forEach(ArrayList.java:1596)
... Removed 25 stack frames]]>
    </failure>
  </testcase> <!-- nearByStores -->
  <testcase classname="com.vedha.webpages.BurgerKing" name="location" time="0.009">
    <failure type="java.lang.NullPointerException" message="Cannot invoke &amp;quot;org.openqa.selenium.WebDriver.findElement(org.openqa.selenium.By)&amp;quot; because &amp;quot;this.driver&amp;quot; is null">
      <![CDATA[java.lang.NullPointerException: Cannot invoke "org.openqa.selenium.WebDriver.findElement(org.openqa.selenium.By)" because "this.driver" is null
at com.vedha.webpages.BurgerKing.location(BurgerKing.java:200)
at java.base/java.util.ArrayList.forEach(ArrayList.java:1596)
... Removed 25 stack frames]]>
    </failure>
  </testcase> <!-- location -->
  <testcase classname="com.vedha.webpages.BurgerKing" name="kingDeals" time="0.0">
    <ignored/>
  </testcase> <!-- kingDeals -->
  <testcase classname="com.vedha.webpages.BurgerKing" name="delivery" time="0.0">
    <ignored/>
  </testcase> <!-- delivery -->
  <testcase classname="com.vedha.webpages.BurgerKing" name="explorefullmenu" time="0.0">
    <ignored/>
  </testcase> <!-- explorefullmenu -->
</testsuite> <!-- Test -->
